<?xml version="1.0" encoding="UTF-8"?>
<testsuite name="models.ScrabbleTest" tests="2" skipped="0" failures="0" errors="0" timestamp="2020-11-26T19:07:39" hostname="LTTECH1216" time="0.006">
  <properties/>
  <testcase name="calculateScore_returnScoreForASingleLetter_Integer" classname="models.ScrabbleTest" time="0.005"/>
  <testcase name="calculateScore_returnScoreForTwoLetter_Integer" classname="models.ScrabbleTest" time="0.0"/>
  <system-out><![CDATA[]]></system-out>
  <system-err><![CDATA[]]></system-err>
</testsuite>
